{
  "RSpec": {
    "coverage": {
      "/Users/amyliao/Desktop/DBC-challenges/r-bulletin-challenge/config/environment.rb": [
        null,
        1,
        null,
        null,
        1
      ],
      "/Users/amyliao/Desktop/DBC-challenges/r-bulletin-challenge/config/application.rb": [
        1,
        null,
        1,
        null,
        1,
        1,
        1,
        1,
        1,
        1,
        1,
        null,
        null,
        null,
        null,
        1,
        null,
        1,
        1,
        null,
        null,
        null,
        null,
        null,
        null,
        null,
        null,
        null,
        null,
        null,
        null,
        null,
        1,
        null,
        null
      ],
      "/Users/amyliao/Desktop/DBC-challenges/r-bulletin-challenge/config/boot.rb": [
        1,
        null,
        1
      ],
      "/Users/amyliao/Desktop/DBC-challenges/r-bulletin-challenge/config/environments/test.rb": [
        1,
        null,
        null,
        null,
        null,
        null,
        null,
        1,
        null,
        null,
        null,
        null,
        1,
        null,
        null,
        1,
        1,
        null,
        null,
        1,
        1,
        null,
        null,
        1,
        null,
        null,
        1,
        null,
        null,
        null,
        null,
        1,
        null,
        null,
        1,
        null,
        null,
        1,
        null,
        null,
        null,
        null
      ],
      "/Users/amyliao/Desktop/DBC-challenges/r-bulletin-challenge/config/initializers/assets.rb": [
        null,
        null,
        null,
        1,
        null,
        null,
        null,
        null,
        null,
        null,
        null
      ],
      "/Users/amyliao/Desktop/DBC-challenges/r-bulletin-challenge/config/initializers/backtrace_silencers.rb": [
        null,
        null,
        null,
        null,
        null,
        null,
        null
      ],
      "/Users/amyliao/Desktop/DBC-challenges/r-bulletin-challenge/config/initializers/cookies_serializer.rb": [
        null,
        null,
        1
      ],
      "/Users/amyliao/Desktop/DBC-challenges/r-bulletin-challenge/config/initializers/filter_parameter_logging.rb": [
        null,
        null,
        null,
        1
      ],
      "/Users/amyliao/Desktop/DBC-challenges/r-bulletin-challenge/config/initializers/inflections.rb": [
        null,
        null,
        null,
        null,
        null,
        null,
        null,
        null,
        null,
        null,
        null,
        null,
        null,
        null,
        null,
        null
      ],
      "/Users/amyliao/Desktop/DBC-challenges/r-bulletin-challenge/config/initializers/mime_types.rb": [
        null,
        null,
        null,
        null
      ],
      "/Users/amyliao/Desktop/DBC-challenges/r-bulletin-challenge/config/initializers/session_store.rb": [
        null,
        null,
        1
      ],
      "/Users/amyliao/Desktop/DBC-challenges/r-bulletin-challenge/config/initializers/wrap_parameters.rb": [
        null,
        null,
        null,
        null,
        null,
        null,
        1,
        1,
        null,
        null,
        null,
        null,
        null,
        null
      ],
      "/Users/amyliao/Desktop/DBC-challenges/r-bulletin-challenge/config/routes.rb": [
        1,
        1,
        1,
        null,
        null,
        1,
        null,
        1,
        1,
        1,
        1,
        1,
        null,
        1,
        1,
        1,
        null,
        null,
        1,
        null,
        null,
        null,
        null,
        null,
        null,
        null,
        null,
        null,
        null,
        null,
        null,
        null,
        null,
        null,
        null,
        null,
        null,
        null,
        null,
        null,
        null,
        null,
        null,
        null,
        null,
        null,
        null,
        null,
        null,
        null,
        null,
        null,
        null,
        null,
        null,
        null,
        null,
        null,
        null,
        null,
        null,
        null,
        null,
        null,
        null,
        null,
        null,
        null,
        null,
        null,
        null,
        null,
        null,
        null,
        null
      ],
      "/Users/amyliao/Desktop/DBC-challenges/r-bulletin-challenge/app/helpers/application_helper.rb": [
        1,
        1,
        0,
        null,
        null,
        1,
        0,
        null,
        null
      ],
      "/Users/amyliao/Desktop/DBC-challenges/r-bulletin-challenge/spec/support/database_cleaner.rb": [
        1,
        1,
        1,
        null,
        null,
        1,
        1,
        null,
        null,
        1,
        0,
        null,
        null,
        1,
        1,
        null,
        null,
        1,
        1,
        null,
        null,
        null
      ],
      "/Users/amyliao/Desktop/DBC-challenges/r-bulletin-challenge/app/controllers/messages_controller.rb": [
        1,
        1,
        0,
        0,
        0,
        0,
        null,
        0,
        null,
        0,
        null,
        null,
        1,
        null,
        1,
        0,
        null,
        null
      ],
      "/Users/amyliao/Desktop/DBC-challenges/r-bulletin-challenge/app/controllers/application_controller.rb": [
        1,
        null,
        null,
        1,
        null,
        1,
        0,
        0,
        0,
        null,
        null,
        null,
        1,
        0,
        null,
        null,
        1,
        0,
        null,
        null
      ]
    },
    "timestamp": 1447286118
  }
}
