{
  "RSpec": {
    "coverage": {
      "/Users/apprentice/r-bulletin-challenge/app/controllers/my/conversations_controller.rb": [
        1,
        1,
        1,
        null,
        null
      ],
      "/Users/apprentice/r-bulletin-challenge/app/controllers/application_controller.rb": [
        1,
        null,
        null,
        1,
        null,
        1,
        0,
        0,
        0,
        null,
        null,
        null,
        1,
        0,
        null,
        null,
        1,
        0,
        null,
        null
      ],
      "/Users/apprentice/r-bulletin-challenge/app/models/category.rb": [
        1,
        1,
        null
      ],
      "/Users/apprentice/r-bulletin-challenge/app/models/user.rb": [
        1,
        1,
        1,
        1,
        null
      ],
      "/Users/apprentice/r-bulletin-challenge/app/models/conversation.rb": [
        1,
        1,
        1,
        1,
        null
      ]
    },
    "timestamp": 1447280563
  }
}
